2019-11-17T07:57:04.452Z | [Data]: Attempting database connection...
2019-11-17T07:57:05.482Z | [Data]: Setting up DB
2019-11-17T07:57:05.491Z | [Data]: DB finished initializing.
2019-11-17T07:57:05.503Z | [DataLoader]: Begin loading...
2019-11-17T07:57:05.646Z | [Express]: REGISTERING HTTP HANDLERS:
2019-11-17T07:57:05.646Z | [Express]: Registering ServerEvents.js
2019-11-17T07:57:05.648Z | [Express]: Registering Statics.js
2019-11-17T07:57:05.649Z | [Express]: Registering TileServer.js
2019-11-17T07:57:05.882Z | [WSS]: Starting WSS
2019-11-17T07:57:05.882Z | [WebSocketApp]: REGISTERING WEBSOCKET HANDLERS:
2019-11-17T07:57:05.883Z | [WebSocketApp]: Registering TopKek.js
2019-11-17T07:57:05.883Z | [WebSocketApp]: Registering WSData.js
2019-11-17T07:57:05.884Z | [WebSocketApp]: Registering WSTileServer.js
2019-11-17T07:57:05.902Z | [Server]: App listening on port 80!
2019-11-17T07:57:05.905Z | [DataLoader]: Found 0 uncompleted ingests: 
2019-11-17T07:57:05.905Z | [DataLoader]: Scanning and ingesting...
2019-11-17T07:57:05.909Z | [DataLoader]: Found local files: .gitkeep,1.txt,2.txt,F0.BIN,F1.BIN,F2.BIN,POZO-3.TXT
2019-11-17T07:57:05.909Z | [DataLoader]: Will ingest: 
2019-11-17T07:57:05.909Z | [DataLoader]: Finished file ingest session.
2019-11-17T07:57:07.251Z | [WSS]: Accepted connection from ::1
2019-11-17T07:57:08.856Z | [WSS]: Received message from ::1: "{"channel":"dataRequest","range":[0,2],"runId":0,"density":50}"
2019-11-17T07:57:19.202Z | [WSS]: Received message from ::1: "{"channel":"dataRequest","range":[0,2],"runId":0,"density":100}"
2019-11-17T07:57:42.291Z | [WSS]: Received message from ::1: "{"channel":"dataRequest","range":[0,2],"runId":0,"density":100}"
2019-11-17T07:57:49.992Z | [WSS]: Received message from ::1: "{"channel":"dataRequest","range":[0,2],"runId":0,"density":1000}"
2019-11-17T07:59:10.071Z | [WSS]: Received message from ::1: "{"channel":"dataRequest","range":[5,7],"runId":0,"density":10}"
2019-11-17T07:59:18.092Z | [WSS]: Connection with ::1 was closed by client - 1005
